This is pdfTeX, Version 3.1415926-2.4-1.40.13 (TeX Live 2012/Mageia) (format=pdflatex 2013.6.18)  31 OCT 2013 11:19
entering extended mode
 restricted \write18 enabled.
 %&-line parsing enabled.
**Justin_Collins-Rajive_Bagrodia-MobiQuitous-2013.tex
(./Justin_Collins-Rajive_Bagrodia-MobiQuitous-2013.tex
LaTeX2e <2011/06/27>
Babel <v3.8m> and hyphenation patterns for english, dumylang, nohyphenation, ge
rman-x-2012-05-30, ngerman-x-2012-05-30, afrikaans, ancientgreek, ibycus, arabi
c, armenian, basque, bulgarian, catalan, pinyin, coptic, croatian, czech, danis
h, dutch, ukenglish, usenglishmax, esperanto, estonian, ethiopic, farsi, finnis
h, french, friulan, galician, german, ngerman, swissgerman, monogreek, greek, h
ungarian, icelandic, assamese, bengali, gujarati, hindi, kannada, malayalam, ma
rathi, oriya, panjabi, tamil, telugu, indonesian, interlingua, irish, italian, 
kurmanji, latin, latvian, lithuanian, mongolian, mongolianlmc, bokmal, nynorsk,
 polish, portuguese, romanian, romansh, russian, sanskrit, serbian, serbianc, s
lovak, slovenian, spanish, swedish, turkish, turkmen, ukrainian, uppersorbian, 
welsh, loaded.
(./svmultln.cls
Document Class: svmultln 2007/08/08 v3.27 
Springer Verlag global LaTeX document class for lecture notes and contributed b
ooks
(./svlnicst.clo
File: svlnicst.clo 2008/02/25 v1.0 SVMult class option for the Springer LNICST 
series
) (/usr/share/texmf-dist/tex/latex/base/article.cls
Document Class: article 2007/10/19 v1.4h Standard LaTeX document class
(/usr/share/texmf-dist/tex/latex/base/size10.clo
File: size10.clo 2007/10/19 v1.4h Standard LaTeX file (size option)
)
\c@part=\count79
\c@section=\count80
\c@subsection=\count81
\c@subsubsection=\count82
\c@paragraph=\count83
\c@subparagraph=\count84
\c@figure=\count85
\c@table=\count86
\abovecaptionskip=\skip41
\belowcaptionskip=\skip42
\bibindent=\dimen102
)
(/usr/share/texmf-dist/tex/latex/tools/multicol.sty
Package: multicol 2011/06/27 v1.7a multicolumn formatting (FMi)
\c@tracingmulticols=\count87
\mult@box=\box26
\multicol@leftmargin=\dimen103
\c@unbalance=\count88
\c@collectmore=\count89
\doublecol@number=\count90
\multicoltolerance=\count91
\multicolpretolerance=\count92
\full@width=\dimen104
\page@free=\dimen105
\premulticols=\dimen106
\postmulticols=\dimen107
\multicolsep=\skip43
\multicolbaselineskip=\skip44
\partial@page=\box27
\last@line=\box28
\mult@rightbox=\box29
\mult@grightbox=\box30
\mult@gfirstbox=\box31
\mult@firstbox=\box32
\@tempa=\box33
\@tempa=\box34
\@tempa=\box35
\@tempa=\box36
\@tempa=\box37
\@tempa=\box38
\@tempa=\box39
\@tempa=\box40
\@tempa=\box41
\@tempa=\box42
\@tempa=\box43
\@tempa=\box44
\@tempa=\box45
\@tempa=\box46
\@tempa=\box47
\@tempa=\box48
\@tempa=\box49
\c@columnbadness=\count93
\c@finalcolumnbadness=\count94
\last@try=\dimen108
\multicolovershoot=\dimen109
\multicolundershoot=\dimen110
\mult@nat@firstbox=\box50
\colbreak@box=\box51
\multicol@sort@counter=\count95
)
\betweenumberspace=\dimen111
\headlineindent=\dimen112
\minitoc=\write3
\c@minitocdepth=\count96
\c@chapter=\count97
\svitemindent=\dimen113
\verbatimindent=\dimen114
LaTeX Font Info:    Redeclaring math symbol \Gamma on input line 722.
LaTeX Font Info:    Redeclaring math symbol \Delta on input line 723.
LaTeX Font Info:    Redeclaring math symbol \Theta on input line 724.
LaTeX Font Info:    Redeclaring math symbol \Lambda on input line 725.
LaTeX Font Info:    Redeclaring math symbol \Xi on input line 726.
LaTeX Font Info:    Redeclaring math symbol \Pi on input line 727.
LaTeX Font Info:    Redeclaring math symbol \Sigma on input line 728.
LaTeX Font Info:    Redeclaring math symbol \Upsilon on input line 729.
LaTeX Font Info:    Redeclaring math symbol \Phi on input line 730.
LaTeX Font Info:    Redeclaring math symbol \Psi on input line 731.
LaTeX Font Info:    Redeclaring math symbol \Omega on input line 732.
\tocchpnum=\dimen115
\tocsecnum=\dimen116
\tocsectotal=\dimen117
\tocsubsecnum=\dimen118
\tocsubsectotal=\dimen119
\tocsubsubsecnum=\dimen120
\tocsubsubsectotal=\dimen121
\tocparanum=\dimen122
\tocparatotal=\dimen123
\tocsubparanum=\dimen124
\foot@parindent=\dimen125
\spthmsep=\dimen126
\c@theorem=\count98
\c@case=\count99
\c@conjecture=\count100
\c@corollary=\count101
\c@definition=\count102
\c@example=\count103
\c@exercise=\count104
\c@lemma=\count105
\c@note=\count106
\c@problem=\count107
\c@property=\count108
\c@proposition=\count109
\c@question=\count110
\c@solution=\count111
\c@remark=\count112
\instindent=\dimen127
\figgap=\dimen128
\figcapgap=\dimen129
\tabcapgap=\dimen130
\c@merk=\count113
\c@@inst=\count114
\c@@auth=\count115
\c@auco=\count116
\instindent=\dimen131
\authrun=\box52
\authorrunning=\toks14
\tocauthor=\toks15
\titrun=\box53
\titlerunning=\toks16
\toctitle=\toks17
\c@contribution=\count117
)

+++++++++++++++++++++++++++++++++++++++++++++++++++++++++++ 
+ svlnicst.clo 2008/02/25 v1.0 SVMono/SVMult class option + 
+ to establish the layout for Springer LNICST volumes     + 
+++++++++++++++++++++++++++++++++++++++++++++++++++++++++++

\svitemindent=\dimen132
(/usr/share/texmf-dist/tex/latex/amsfonts/amssymb.sty
Package: amssymb 2009/06/22 v3.00

(/usr/share/texmf-dist/tex/latex/amsfonts/amsfonts.sty
Package: amsfonts 2009/06/22 v3.00 Basic AMSFonts support
\@emptytoks=\toks18
\symAMSa=\mathgroup4
\symAMSb=\mathgroup5
LaTeX Font Info:    Overwriting math alphabet `\mathfrak' in version `bold'
(Font)                  U/euf/m/n --> U/euf/b/n on input line 96.
))
(/usr/share/texmf-dist/tex/latex/graphics/epsfig.sty
Package: epsfig 1999/02/16 v1.7a (e)psfig emulation (SPQR)

(/usr/share/texmf-dist/tex/latex/graphics/graphicx.sty
Package: graphicx 1999/02/16 v1.0f Enhanced LaTeX Graphics (DPC,SPQR)

(/usr/share/texmf-dist/tex/latex/graphics/keyval.sty
Package: keyval 1999/03/16 v1.13 key=value parser (DPC)
\KV@toks@=\toks19
)
(/usr/share/texmf-dist/tex/latex/graphics/graphics.sty
Package: graphics 2009/02/05 v1.0o Standard LaTeX Graphics (DPC,SPQR)

(/usr/share/texmf-dist/tex/latex/graphics/trig.sty
Package: trig 1999/03/16 v1.09 sin cos tan (DPC)
)
(/usr/share/texmf-dist/tex/latex/latexconfig/graphics.cfg
File: graphics.cfg 2010/04/23 v1.9 graphics configuration of TeX Live
)
Package graphics Info: Driver file: pdftex.def on input line 91.

(/usr/share/texmf-dist/tex/latex/pdftex-def/pdftex.def
File: pdftex.def 2011/05/27 v0.06d Graphics/color for pdfTeX

(/usr/share/texmf-dist/tex/generic/oberdiek/infwarerr.sty
Package: infwarerr 2010/04/08 v1.3 Providing info/warning/error messages (HO)
)
(/usr/share/texmf-dist/tex/generic/oberdiek/ltxcmds.sty
Package: ltxcmds 2011/11/09 v1.22 LaTeX kernel commands for general use (HO)
)
\Gread@gobject=\count118
))
\Gin@req@height=\dimen133
\Gin@req@width=\dimen134
)
\epsfxsize=\dimen135
\epsfysize=\dimen136
)
(/usr/share/texmf-dist/tex/latex/cite/cite.sty
LaTeX Info: Redefining \cite on input line 302.
LaTeX Info: Redefining \nocite on input line 373.
Package: cite 2010/09/10  v 5.3
)
(/usr/share/texmf-dist/tex/latex/tools/verbatim.sty
Package: verbatim 2003/08/22 v1.5q LaTeX2e package for verbatim enhancements
\every@verbatim=\toks20
\verbatim@line=\toks21
\verbatim@in@stream=\read1
)
(/usr/share/texmf-dist/tex/latex/caption/caption.sty
Package: caption 2012/02/19 v3.2f Customizing captions (AR)

(/usr/share/texmf-dist/tex/latex/caption/caption3.sty
Package: caption3 2012/01/12 v1.4b caption3 kernel (AR)
\captionmargin=\dimen137
\captionmargin@=\dimen138
\captionwidth=\dimen139
\caption@indent=\dimen140
\caption@parindent=\dimen141
\caption@hangindent=\dimen142
Package caption Info: Unknown document class (or package),
(caption)             standard defaults will be used.
)

Package caption Warning: Unsupported document class (or package) detected,
(caption)                usage of the caption package is not recommended.
See the caption package documentation for explanation.

Package caption Info: \@makecaption = \long macro:#1#2->\captionstyle \ifx \@ca
ptype \fig@type \vskip \figcapgap \fi \setbox \@tempboxa \hbox {{\floatlegendst
yle #1\floatcounterend }\capstrut #2}\ifdim \wd \@tempboxa >\hsize {\floatlegen
dstyle #1\floatcounterend }\capstrut #2\par \else \hbox to\hsize {\leftlegendgl
ue \unhbox \@tempboxa \hfil }\fi \ifx \@captype \fig@type \else \vskip \tabcapg
ap \fi .
\c@ContinuedFloat=\count119
) (/usr/share/texmf-dist/tex/latex/caption/subcaption.sty
Package: subcaption 2012/01/12 v1.1d Sub-captions (AR)
\c@subfigure=\count120
\c@subtable=\count121
)
(/usr/share/texmf-dist/tex/latex/url/url.sty
\Urlmuskip=\muskip10
Package: url 2006/04/12  ver 3.3  Verb mode for urls, etc.
)
(/usr/share/texmf-dist/tex/latex/hyperref/hyperref.sty
Package: hyperref 2012/05/13 v6.82q Hypertext links for LaTeX

(/usr/share/texmf-dist/tex/generic/oberdiek/hobsub-hyperref.sty
Package: hobsub-hyperref 2012/05/28 v1.13 Bundle oberdiek, subset hyperref (HO)


(/usr/share/texmf-dist/tex/generic/oberdiek/hobsub-generic.sty
Package: hobsub-generic 2012/05/28 v1.13 Bundle oberdiek, subset generic (HO)
Package: hobsub 2012/05/28 v1.13 Construct package bundles (HO)
Package hobsub Info: Skipping package `infwarerr' (already loaded).
Package hobsub Info: Skipping package `ltxcmds' (already loaded).
Package: ifluatex 2010/03/01 v1.3 Provides the ifluatex switch (HO)
Package ifluatex Info: LuaTeX not detected.
Package: ifvtex 2010/03/01 v1.5 Detect VTeX and its facilities (HO)
Package ifvtex Info: VTeX not detected.
Package: intcalc 2007/09/27 v1.1 Expandable calculations with integers (HO)
Package: ifpdf 2011/01/30 v2.3 Provides the ifpdf switch (HO)
Package ifpdf Info: pdfTeX in PDF mode is detected.
Package: etexcmds 2011/02/16 v1.5 Avoid name clashes with e-TeX commands (HO)
Package etexcmds Info: Could not find \expanded.
(etexcmds)             That can mean that you are not using pdfTeX 1.50 or
(etexcmds)             that some package has redefined \expanded.
(etexcmds)             In the latter case, load this package earlier.
Package: kvsetkeys 2012/04/25 v1.16 Key value parser (HO)
Package: kvdefinekeys 2011/04/07 v1.3 Define keys (HO)
Package: pdftexcmds 2011/11/29 v0.20 Utility functions of pdfTeX for LuaTeX (HO
)
Package pdftexcmds Info: LuaTeX not detected.
Package pdftexcmds Info: \pdf@primitive is available.
Package pdftexcmds Info: \pdf@ifprimitive is available.
Package pdftexcmds Info: \pdfdraftmode found.
Package: pdfescape 2011/11/25 v1.13 Implements pdfTeX's escape features (HO)
Package: bigintcalc 2012/04/08 v1.3 Expandable calculations on big integers (HO
)
Package: bitset 2011/01/30 v1.1 Handle bit-vector datatype (HO)
Package: uniquecounter 2011/01/30 v1.2 Provide unlimited unique counter (HO)
)
Package hobsub Info: Skipping package `hobsub' (already loaded).
Package: letltxmacro 2010/09/02 v1.4 Let assignment for LaTeX macros (HO)
Package: hopatch 2012/05/28 v1.2 Wrapper for package hooks (HO)
Package: xcolor-patch 2011/01/30 xcolor patch
Package: atveryend 2011/06/30 v1.8 Hooks at the very end of document (HO)
Package atveryend Info: \enddocument detected (standard20110627).
Package: atbegshi 2011/10/05 v1.16 At begin shipout hook (HO)
Package: refcount 2011/10/16 v3.4 Data extraction from label references (HO)
Package: hycolor 2011/01/30 v1.7 Color options for hyperref/bookmark (HO)
)
(/usr/share/texmf-dist/tex/generic/ifxetex/ifxetex.sty
Package: ifxetex 2010/09/12 v0.6 Provides ifxetex conditional
)
(/usr/share/texmf-dist/tex/latex/oberdiek/kvoptions.sty
Package: kvoptions 2011/06/30 v3.11 Key value format for package options (HO)
)
\@linkdim=\dimen143
\Hy@linkcounter=\count122
\Hy@pagecounter=\count123

(/usr/share/texmf-dist/tex/latex/hyperref/pd1enc.def
File: pd1enc.def 2012/05/13 v6.82q Hyperref: PDFDocEncoding definition (HO)
)
\Hy@SavedSpaceFactor=\count124

(/usr/share/texmf-dist/tex/latex/latexconfig/hyperref.cfg
File: hyperref.cfg 2002/06/06 v1.2 hyperref configuration of TeXLive
)
Package hyperref Info: Option `pdfpagelabels' set `true' on input line 3941.
Package hyperref Info: Option `hypertexnames' set `false' on input line 3941.
Package hyperref Info: Option `breaklinks' set `true' on input line 3941.
Package hyperref Info: Option `bookmarksopen' set `true' on input line 3941.
Package hyperref Info: Hyper figures OFF on input line 4062.
Package hyperref Info: Link nesting OFF on input line 4067.
Package hyperref Info: Hyper index ON on input line 4070.
Package hyperref Info: Plain pages OFF on input line 4077.
Package hyperref Info: Backreferencing OFF on input line 4082.
Package hyperref Info: Implicit mode ON; LaTeX internals redefined.
Package hyperref Info: Bookmarks ON on input line 4300.
\c@Hy@tempcnt=\count125
LaTeX Info: Redefining \url on input line 4653.
\Fld@menulength=\count126
\Field@Width=\dimen144
\Fld@charsize=\dimen145
Package hyperref Info: Hyper figures OFF on input line 5773.
Package hyperref Info: Link nesting OFF on input line 5778.
Package hyperref Info: Hyper index ON on input line 5781.
Package hyperref Info: backreferencing OFF on input line 5788.
Package hyperref Info: Link coloring OFF on input line 5793.
Package hyperref Info: Link coloring with OCG OFF on input line 5798.
Package hyperref Info: PDF/A mode OFF on input line 5803.
LaTeX Info: Redefining \ref on input line 5843.
LaTeX Info: Redefining \pageref on input line 5847.
\Hy@abspage=\count127
\c@Item=\count128
\c@Hfootnote=\count129
)

Package hyperref Message: Driver (autodetected): hpdftex.

(/usr/share/texmf-dist/tex/latex/hyperref/hpdftex.def
File: hpdftex.def 2012/05/13 v6.82q Hyperref driver for pdfTeX
\Fld@listcount=\count130
\c@bookmark@seq@number=\count131

(/usr/share/texmf-dist/tex/latex/oberdiek/rerunfilecheck.sty
Package: rerunfilecheck 2011/04/15 v1.7 Rerun checks for auxiliary files (HO)
Package uniquecounter Info: New unique counter `rerunfilecheck' on input line 2
82.
)
\Hy@SectionHShift=\skip45
)
(./Justin_Collins-Rajive_Bagrodia-MobiQuitous-2013.aux)
\openout1 = `Justin_Collins-Rajive_Bagrodia-MobiQuitous-2013.aux'.

LaTeX Font Info:    Checking defaults for OML/cmm/m/it on input line 18.
LaTeX Font Info:    ... okay on input line 18.
LaTeX Font Info:    Checking defaults for T1/cmr/m/n on input line 18.
LaTeX Font Info:    ... okay on input line 18.
LaTeX Font Info:    Checking defaults for OT1/cmr/m/n on input line 18.
LaTeX Font Info:    ... okay on input line 18.
LaTeX Font Info:    Checking defaults for OMS/cmsy/m/n on input line 18.
LaTeX Font Info:    ... okay on input line 18.
LaTeX Font Info:    Checking defaults for OMX/cmex/m/n on input line 18.
LaTeX Font Info:    ... okay on input line 18.
LaTeX Font Info:    Checking defaults for U/cmr/m/n on input line 18.
LaTeX Font Info:    ... okay on input line 18.
LaTeX Font Info:    Checking defaults for PD1/pdf/m/n on input line 18.
LaTeX Font Info:    ... okay on input line 18.

(/usr/share/texmf-dist/tex/context/base/supp-pdf.mkii
[Loading MPS to PDF converter (version 2006.09.02).]
\scratchcounter=\count132
\scratchdimen=\dimen146
\scratchbox=\box54
\nofMPsegments=\count133
\nofMParguments=\count134
\everyMPshowfont=\toks22
\MPscratchCnt=\count135
\MPscratchDim=\dimen147
\MPnumerator=\count136
\makeMPintoPDFobject=\count137
\everyMPtoPDFconversion=\toks23
) (/usr/share/texmf-dist/tex/latex/oberdiek/epstopdf-base.sty
Package: epstopdf-base 2010/02/09 v2.5 Base part for package epstopdf

(/usr/share/texmf-dist/tex/latex/oberdiek/grfext.sty
Package: grfext 2010/08/19 v1.1 Manage graphics extensions (HO)
)
Package grfext Info: Graphics extension search list:
(grfext)             [.png,.pdf,.jpg,.mps,.jpeg,.jbig2,.jb2,.PNG,.PDF,.JPG,.JPE
G,.JBIG2,.JB2,.eps]
(grfext)             \AppendGraphicsExtensions on input line 452.

(/usr/share/texmf-dist/tex/latex/latexconfig/epstopdf-sys.cfg
File: epstopdf-sys.cfg 2010/07/13 v1.3 Configuration of (r)epstopdf for TeX Liv
e
))
Package caption Info: Begin \AtBeginDocument code.
Package caption Info: hyperref package is loaded.
Package caption Info: End \AtBeginDocument code.
\AtBeginShipoutBox=\box55
Package hyperref Info: Link coloring OFF on input line 18.

(/usr/share/texmf-dist/tex/latex/hyperref/nameref.sty
Package: nameref 2010/04/30 v2.40 Cross-referencing by name of section

(/usr/share/texmf-dist/tex/generic/oberdiek/gettitlestring.sty
Package: gettitlestring 2010/12/03 v1.4 Cleanup title references (HO)
)
\c@section@level=\count138
)
LaTeX Info: Redefining \ref on input line 18.
LaTeX Info: Redefining \pageref on input line 18.
LaTeX Info: Redefining \nameref on input line 18.

(./Justin_Collins-Rajive_Bagrodia-MobiQuitous-2013.out)
(./Justin_Collins-Rajive_Bagrodia-MobiQuitous-2013.out)
\@outlinefile=\write4
\openout4 = `Justin_Collins-Rajive_Bagrodia-MobiQuitous-2013.out'.

LaTeX Font Info:    Try loading font information for U+msa on input line 41.

(/usr/share/texmf-dist/tex/latex/amsfonts/umsa.fd
File: umsa.fd 2009/06/22 v3.00 AMS symbols A
)
LaTeX Font Info:    Try loading font information for U+msb on input line 41.

(/usr/share/texmf-dist/tex/latex/amsfonts/umsb.fd
File: umsb.fd 2009/06/22 v3.00 AMS symbols B
)

Package hyperref Warning: bookmark level for unknown title defaults to 0.


Package hyperref Warning: bookmark level for unknown author defaults to 0.

[1





{/var/lib/texmf/fonts/map/pdftex/updmap/pdftex.map}] [2]
Overfull \hbox (12.99902pt too wide) in paragraph at lines 144--168
 [][] 
 []

[3] <figures/read_speed.pdf, id=82, 383.9368pt x 227.3557pt>
File: figures/read_speed.pdf Graphic file (type pdf)

<use figures/read_speed.pdf>
Package pdftex.def Info: figures/read_speed.pdf used on input line 196.
(pdftex.def)             Requested size: 173.56177pt x 102.78091pt.

<figures/in_speed.pdf, id=84, 385.44pt x 229.60556pt>
File: figures/in_speed.pdf Graphic file (type pdf)

<use figures/in_speed.pdf>
Package pdftex.def Info: figures/in_speed.pdf used on input line 202.
(pdftex.def)             Requested size: 173.56177pt x 103.38809pt.


Package hyperref Warning: Difference (2) between bookmark levels is greater 
(hyperref)                than one, level fixed on input line 210.

<figures/latency.pdf, id=89, 552.56438pt x 225.09094pt>
File: figures/latency.pdf Graphic file (type pdf)

<use figures/latency.pdf>
Package pdftex.def Info: figures/latency.pdf used on input line 249.
(pdftex.def)             Requested size: 142.32191pt x 81.72989pt.
File: figures/latency.pdf Graphic file (type pdf)
 <use figures/latency.pdf>
Package pdftex.def Info: figures/latency.pdf used on input line 255.
(pdftex.def)             Requested size: 62.47969pt x 87.2974pt.

<figures/throughput.pdf, id=92, 394.47375pt x 225.84375pt>
File: figures/throughput.pdf Graphic file (type pdf)

<use figures/throughput.pdf>
Package pdftex.def Info: figures/throughput.pdf used on input line 259.
(pdftex.def)             Requested size: 142.32191pt x 81.47943pt.
 [4 <./figures/read_speed.pdf> <./figures/in_speed.pdf>] (./Justin_Collins-Raji
ve_Bagrodia-MobiQuitous-2013.bbl)
Package atveryend Info: Empty hook `BeforeClearDocument' on input line 288.
 [5 <./figures/latency.pdf> <./figures/throughput.pdf>]
Package atveryend Info: Empty hook `AfterLastShipout' on input line 288.

(./Justin_Collins-Rajive_Bagrodia-MobiQuitous-2013.aux)
Package atveryend Info: Executing hook `AtVeryEndDocument' on input line 288.
Package atveryend Info: Executing hook `AtEndAfterFileList' on input line 288.
Package rerunfilecheck Info: File `Justin_Collins-Rajive_Bagrodia-MobiQuitous-2
013.out' has not changed.
(rerunfilecheck)             Checksum: 8EEE55739E5E8E57B0EAB669CB85D4CF;734.
Package atveryend Info: Empty hook `AtVeryVeryEnd' on input line 288.
 ) 
Here is how much of TeX's memory you used:
 7098 strings out of 493488
 105155 string characters out of 3146878
 200611 words of memory out of 3000000
 10310 multiletter control sequences out of 15000+200000
 12120 words of font info for 47 fonts, out of 3000000 for 9000
 957 hyphenation exceptions out of 8191
 36i,10n,38p,805b,459s stack positions out of 5000i,500n,10000p,200000b,50000s
</usr/share/texmf-dist/fonts/type1/public/amsfonts/cm/cmbx10.pfb></usr/share/
texmf-dist/fonts/type1/public/amsfonts/cm/cmbx12.pfb></usr/share/texmf-dist/fon
ts/type1/public/amsfonts/cm/cmbx7.pfb></usr/share/texmf-dist/fonts/type1/public
/amsfonts/cm/cmbx9.pfb></usr/share/texmf-dist/fonts/type1/public/amsfonts/cm/cm
r10.pfb></usr/share/texmf-dist/fonts/type1/public/amsfonts/cm/cmr6.pfb></usr/sh
are/texmf-dist/fonts/type1/public/amsfonts/cm/cmr7.pfb></usr/share/texmf-dist/f
onts/type1/public/amsfonts/cm/cmr9.pfb></usr/share/texmf-dist/fonts/type1/publi
c/amsfonts/cm/cmti10.pfb></usr/share/texmf-dist/fonts/type1/public/amsfonts/cm/
cmti7.pfb></usr/share/texmf-dist/fonts/type1/public/amsfonts/cm/cmti9.pfb></usr
/share/texmf-dist/fonts/type1/public/amsfonts/cm/cmtt10.pfb></usr/share/texmf-d
ist/fonts/type1/public/amsfonts/cm/cmtt8.pfb></usr/share/texmf-dist/fonts/type1
/public/amsfonts/cm/cmtt9.pfb>
Output written on Justin_Collins-Rajive_Bagrodia-MobiQuitous-2013.pdf (5 pages,
 243004 bytes).
PDF statistics:
 345 PDF objects out of 1000 (max. 8388607)
 234 compressed objects within 3 object streams
 26 named destinations out of 1000 (max. 500000)
 139 words of extra memory for PDF output out of 10000 (max. 10000000)

